# JRE version: Java(TM) SE Runtime Environment (8.0_111-b14) (build 1.8.0_111-b14)
# Java VM: Java HotSpot(TM) 64-Bit Server VM (25.111-b14 mixed mode windows-amd64 compressed oops)
Heap:
 PSYoungGen      total 136192K, used 103894K [0x00000000eb980000, 0x00000000f4880000, 0x0000000100000000)
  eden space 126976K, 81% used [0x00000000eb980000,0x00000000f1ef5bf0,0x00000000f3580000)
  from space 9216K, 0% used [0x00000000f3f80000,0x00000000f3f80000,0x00000000f4880000)
  to   space 9728K, 0% used [0x00000000f3580000,0x00000000f3580000,0x00000000f3f00000)
 ParOldGen       total 43008K, used 12889K [0x00000000c2c00000, 0x00000000c5600000, 0x00000000eb980000)
  object space 43008K, 29% used [0x00000000c2c00000,0x00000000c3896790,0x00000000c5600000)
 Metaspace       used 27346K, capacity 28234K, committed 28416K, reserved 1075200K
  class space    used 3304K, capacity 3536K, committed 3584K, reserved 1048576K
GC Heap History (10 events):
Event: 4.974 GC heap before
{Heap before GC invocations=3 (full 0):
 PSYoungGen      total 34304K, used 34295K [0x00000000eb980000, 0x00000000edd80000, 0x0000000100000000)
  eden space 31744K, 100% used [0x00000000eb980000,0x00000000ed880000,0x00000000ed880000)
  from space 2560K, 99% used [0x00000000edb00000,0x00000000edd7df28,0x00000000edd80000)
  to   space 2560K, 0% used [0x00000000ed880000,0x00000000ed880000,0x00000000edb00000)
 ParOldGen       total 42496K, used 2244K [0x00000000c2c00000, 0x00000000c5580000, 0x00000000eb980000)
  object space 42496K, 5% used [0x00000000c2c00000,0x00000000c2e31398,0x00000000c5580000)
 Metaspace       used 12080K, capacity 12366K, committed 12672K, reserved 1060864K
  class space    used 1503K, capacity 1597K, committed 1664K, reserved 1048576K
Event: 4.991 GC heap after
Heap after GC invocations=3 (full 0):
 PSYoungGen      total 34304K, used 2544K [0x00000000eb980000, 0x00000000efc80000, 0x0000000100000000)
  eden space 31744K, 0% used [0x00000000eb980000,0x00000000eb980000,0x00000000ed880000)
  from space 2560K, 99% used [0x00000000ed880000,0x00000000edafc010,0x00000000edb00000)
  to   space 2560K, 0% used [0x00000000efa00000,0x00000000efa00000,0x00000000efc80000)
 ParOldGen       total 42496K, used 6164K [0x00000000c2c00000, 0x00000000c5580000, 0x00000000eb980000)
  object space 42496K, 14% used [0x00000000c2c00000,0x00000000c3205380,0x00000000c5580000)
 Metaspace       used 12080K, capacity 12366K, committed 12672K, reserved 1060864K
  class space    used 1503K, capacity 1597K, committed 1664K, reserved 1048576K
}
Event: 6.924 GC heap before
{Heap before GC invocations=4 (full 0):
 PSYoungGen      total 34304K, used 34288K [0x00000000eb980000, 0x00000000efc80000, 0x0000000100000000)
  eden space 31744K, 100% used [0x00000000eb980000,0x00000000ed880000,0x00000000ed880000)
  from space 2560K, 99% used [0x00000000ed880000,0x00000000edafc010,0x00000000edb00000)
  to   space 2560K, 0% used [0x00000000efa00000,0x00000000efa00000,0x00000000efc80000)
 ParOldGen       total 42496K, used 6164K [0x00000000c2c00000, 0x00000000c5580000, 0x00000000eb980000)
  object space 42496K, 14% used [0x00000000c2c00000,0x00000000c3205380,0x00000000c5580000)
 Metaspace       used 15889K, capacity 16250K, committed 16256K, reserved 1062912K
  class space    used 2031K, capacity 2172K, committed 2176K, reserved 1048576K
Event: 6.944 GC heap after
Heap after GC invocations=4 (full 0):
 PSYoungGen      total 66048K, used 2544K [0x00000000eb980000, 0x00000000efc80000, 0x0000000100000000)
  eden space 63488K, 0% used [0x00000000eb980000,0x00000000eb980000,0x00000000ef780000)
  from space 2560K, 99% used [0x00000000efa00000,0x00000000efc7c030,0x00000000efc80000)
  to   space 2560K, 0% used [0x00000000ef780000,0x00000000ef780000,0x00000000efa00000)
 ParOldGen       total 42496K, used 10709K [0x00000000c2c00000, 0x00000000c5580000, 0x00000000eb980000)
  object space 42496K, 25% used [0x00000000c2c00000,0x00000000c3675560,0x00000000c5580000)
 Metaspace       used 15889K, capacity 16250K, committed 16256K, reserved 1062912K
  class space    used 2031K, capacity 2172K, committed 2176K, reserved 1048576K
}
Event: 10.394 GC heap before
{Heap before GC invocations=5 (full 0):
 PSYoungGen      total 66048K, used 66032K [0x00000000eb980000, 0x00000000efc80000, 0x0000000100000000)
  eden space 63488K, 100% used [0x00000000eb980000,0x00000000ef780000,0x00000000ef780000)
  from space 2560K, 99% used [0x00000000efa00000,0x00000000efc7c030,0x00000000efc80000)
  to   space 2560K, 0% used [0x00000000ef780000,0x00000000ef780000,0x00000000efa00000)
 ParOldGen       total 42496K, used 10709K [0x00000000c2c00000, 0x00000000c5580000, 0x00000000eb980000)
  object space 42496K, 25% used [0x00000000c2c00000,0x00000000c3675560,0x00000000c5580000)
 Metaspace       used 19356K, capacity 19942K, committed 19968K, reserved 1067008K
  class space    used 2380K, capacity 2552K, committed 2560K, reserved 1048576K
Event: 10.432 GC heap after
Heap after GC invocations=5 (full 0):
 PSYoungGen      total 66048K, used 2544K [0x00000000eb980000, 0x00000000f4980000, 0x0000000100000000)
  eden space 63488K, 0% used [0x00000000eb980000,0x00000000eb980000,0x00000000ef780000)
  from space 2560K, 99% used [0x00000000ef780000,0x00000000ef9fc030,0x00000000efa00000)
  to   space 10240K, 0% used [0x00000000f3f80000,0x00000000f3f80000,0x00000000f4980000)
 ParOldGen       total 42496K, used 17201K [0x00000000c2c00000, 0x00000000c5580000, 0x00000000eb980000)
  object space 42496K, 40% used [0x00000000c2c00000,0x00000000c3ccc450,0x00000000c5580000)
 Metaspace       used 19356K, capacity 19942K, committed 19968K, reserved 1067008K
  class space    used 2380K, capacity 2552K, committed 2560K, reserved 1048576K
}
Event: 14.528 GC heap before
{Heap before GC invocations=6 (full 0):
 PSYoungGen      total 66048K, used 65465K [0x00000000eb980000, 0x00000000f4980000, 0x0000000100000000)
  eden space 63488K, 99% used [0x00000000eb980000,0x00000000ef6f24f8,0x00000000ef780000)
  from space 2560K, 99% used [0x00000000ef780000,0x00000000ef9fc030,0x00000000efa00000)
  to   space 10240K, 0% used [0x00000000f3f80000,0x00000000f3f80000,0x00000000f4980000)
 ParOldGen       total 42496K, used 17201K [0x00000000c2c00000, 0x00000000c5580000, 0x00000000eb980000)
  object space 42496K, 40% used [0x00000000c2c00000,0x00000000c3ccc450,0x00000000c5580000)
 Metaspace       used 20513K, capacity 21196K, committed 21296K, reserved 1069056K
  class space    used 2466K, capacity 2662K, committed 2688K, reserved 1048576K
Event: 14.547 GC heap after
Heap after GC invocations=6 (full 0):
 PSYoungGen      total 136192K, used 6372K [0x00000000eb980000, 0x00000000f4880000, 0x0000000100000000)
  eden space 126976K, 0% used [0x00000000eb980000,0x00000000eb980000,0x00000000f3580000)
  from space 9216K, 69% used [0x00000000f3f80000,0x00000000f45b90c0,0x00000000f4880000)
  to   space 9728K, 0% used [0x00000000f3580000,0x00000000f3580000,0x00000000f3f00000)
 ParOldGen       total 42496K, used 17209K [0x00000000c2c00000, 0x00000000c5580000, 0x00000000eb980000)
  object space 42496K, 40% used [0x00000000c2c00000,0x00000000c3cce450,0x00000000c5580000)
 Metaspace       used 20513K, capacity 21196K, committed 21296K, reserved 1069056K
  class space    used 2466K, capacity 2662K, committed 2688K, reserved 1048576K
}
Event: 14.547 GC heap before
{Heap before GC invocations=7 (full 1):
 PSYoungGen      total 136192K, used 6372K [0x00000000eb980000, 0x00000000f4880000, 0x0000000100000000)
  eden space 126976K, 0% used [0x00000000eb980000,0x00000000eb980000,0x00000000f3580000)
  from space 9216K, 69% used [0x00000000f3f80000,0x00000000f45b90c0,0x00000000f4880000)
  to   space 9728K, 0% used [0x00000000f3580000,0x00000000f3580000,0x00000000f3f00000)
 ParOldGen       total 42496K, used 17209K [0x00000000c2c00000, 0x00000000c5580000, 0x00000000eb980000)
  object space 42496K, 40% used [0x00000000c2c00000,0x00000000c3cce450,0x00000000c5580000)
 Metaspace       used 20513K, capacity 21196K, committed 21296K, reserved 1069056K
  class space    used 2466K, capacity 2662K, committed 2688K, reserved 1048576K
Event: 14.646 GC heap after
Heap after GC invocations=7 (full 1):
 PSYoungGen      total 136192K, used 0K [0x00000000eb980000, 0x00000000f4880000, 0x0000000100000000)
  eden space 126976K, 0% used [0x00000000eb980000,0x00000000eb980000,0x00000000f3580000)
  from space 9216K, 0% used [0x00000000f3f80000,0x00000000f3f80000,0x00000000f4880000)
  to   space 9728K, 0% used [0x00000000f3580000,0x00000000f3580000,0x00000000f3f00000)
 ParOldGen       total 43008K, used 12889K [0x00000000c2c00000, 0x00000000c5600000, 0x00000000eb980000)
  object space 43008K, 29% used [0x00000000c2c00000,0x00000000c3896790,0x00000000c5600000)
 Metaspace       used 20513K, capacity 21196K, committed 21296K, reserved 1069056K
  class space    used 2466K, capacity 2662K, committed 2688K, reserved 1048576K
}

