# JRE version: Java(TM) SE Runtime Environment (8.0_111-b14) (build 1.8.0_111-b14)
# Java VM: Java HotSpot(TM) 64-Bit Server VM (25.111-b14 mixed mode windows-amd64 compressed oops)
Heap:
 PSYoungGen      total 134656K, used 80218K [0x00000000eb980000, 0x00000000f4980000, 0x0000000100000000)
  eden space 124928K, 64% used [0x00000000eb980000,0x00000000f07d6ac8,0x00000000f3380000)
  from space 9728K, 0% used [0x00000000f3e00000,0x00000000f3e00000,0x00000000f4780000)
  to   space 10752K, 0% used [0x00000000f3380000,0x00000000f3380000,0x00000000f3e00000)
 ParOldGen       total 39936K, used 12802K [0x00000000c2c00000, 0x00000000c5300000, 0x00000000eb980000)
  object space 39936K, 32% used [0x00000000c2c00000,0x00000000c3880ba0,0x00000000c5300000)
 Metaspace       used 26705K, capacity 27690K, committed 27904K, reserved 1073152K
  class space    used 3265K, capacity 3504K, committed 3584K, reserved 1048576K
GC Heap History (10 events):
Event: 4.117 GC heap before
{Heap before GC invocations=5 (full 0):
 PSYoungGen      total 34304K, used 34272K [0x00000000eb980000, 0x00000000edd80000, 0x0000000100000000)
  eden space 31744K, 100% used [0x00000000eb980000,0x00000000ed880000,0x00000000ed880000)
  from space 2560K, 98% used [0x00000000edb00000,0x00000000edd78040,0x00000000edd80000)
  to   space 2560K, 0% used [0x00000000ed880000,0x00000000ed880000,0x00000000edb00000)
 ParOldGen       total 42496K, used 5966K [0x00000000c2c00000, 0x00000000c5580000, 0x00000000eb980000)
  object space 42496K, 14% used [0x00000000c2c00000,0x00000000c31d3980,0x00000000c5580000)
 Metaspace       used 15726K, capacity 16116K, committed 16256K, reserved 1062912K
  class space    used 2019K, capacity 2171K, committed 2176K, reserved 1048576K
Event: 4.132 GC heap after
Heap after GC invocations=5 (full 0):
 PSYoungGen      total 34304K, used 2544K [0x00000000eb980000, 0x00000000f0580000, 0x0000000100000000)
  eden space 31744K, 0% used [0x00000000eb980000,0x00000000eb980000,0x00000000ed880000)
  from space 2560K, 99% used [0x00000000ed880000,0x00000000edafc010,0x00000000edb00000)
  to   space 7168K, 0% used [0x00000000efe80000,0x00000000efe80000,0x00000000f0580000)
 ParOldGen       total 42496K, used 10733K [0x00000000c2c00000, 0x00000000c5580000, 0x00000000eb980000)
  object space 42496K, 25% used [0x00000000c2c00000,0x00000000c367b7b0,0x00000000c5580000)
 Metaspace       used 15726K, capacity 16116K, committed 16256K, reserved 1062912K
  class space    used 2019K, capacity 2171K, committed 2176K, reserved 1048576K
}
Event: 6.929 GC heap before
{Heap before GC invocations=6 (full 0):
 PSYoungGen      total 34304K, used 34288K [0x00000000eb980000, 0x00000000f0580000, 0x0000000100000000)
  eden space 31744K, 100% used [0x00000000eb980000,0x00000000ed880000,0x00000000ed880000)
  from space 2560K, 99% used [0x00000000ed880000,0x00000000edafc010,0x00000000edb00000)
  to   space 7168K, 0% used [0x00000000efe80000,0x00000000efe80000,0x00000000f0580000)
 ParOldGen       total 42496K, used 10733K [0x00000000c2c00000, 0x00000000c5580000, 0x00000000eb980000)
  object space 42496K, 25% used [0x00000000c2c00000,0x00000000c367b7b0,0x00000000c5580000)
 Metaspace       used 18794K, capacity 19418K, committed 19712K, reserved 1067008K
  class space    used 2355K, capacity 2512K, committed 2560K, reserved 1048576K
Event: 6.961 GC heap after
Heap after GC invocations=6 (full 0):
 PSYoungGen      total 70144K, used 6703K [0x00000000eb980000, 0x00000000f0680000, 0x0000000100000000)
  eden space 62976K, 0% used [0x00000000eb980000,0x00000000eb980000,0x00000000ef700000)
  from space 7168K, 93% used [0x00000000efe80000,0x00000000f050bdd0,0x00000000f0580000)
  to   space 7680K, 0% used [0x00000000ef700000,0x00000000ef700000,0x00000000efe80000)
 ParOldGen       total 42496K, used 10741K [0x00000000c2c00000, 0x00000000c5580000, 0x00000000eb980000)
  object space 42496K, 25% used [0x00000000c2c00000,0x00000000c367d7b0,0x00000000c5580000)
 Metaspace       used 18794K, capacity 19418K, committed 19712K, reserved 1067008K
  class space    used 2355K, capacity 2512K, committed 2560K, reserved 1048576K
}
Event: 9.654 GC heap before
{Heap before GC invocations=7 (full 0):
 PSYoungGen      total 70144K, used 69679K [0x00000000eb980000, 0x00000000f0680000, 0x0000000100000000)
  eden space 62976K, 100% used [0x00000000eb980000,0x00000000ef700000,0x00000000ef700000)
  from space 7168K, 93% used [0x00000000efe80000,0x00000000f050bdd0,0x00000000f0580000)
  to   space 7680K, 0% used [0x00000000ef700000,0x00000000ef700000,0x00000000efe80000)
 ParOldGen       total 42496K, used 10741K [0x00000000c2c00000, 0x00000000c5580000, 0x00000000eb980000)
  object space 42496K, 25% used [0x00000000c2c00000,0x00000000c367d7b0,0x00000000c5580000)
 Metaspace       used 19778K, capacity 20422K, committed 20480K, reserved 1067008K
  class space    used 2388K, capacity 2554K, committed 2560K, reserved 1048576K
Event: 9.693 GC heap after
Heap after GC invocations=7 (full 0):
 PSYoungGen      total 70656K, used 7664K [0x00000000eb980000, 0x00000000f4780000, 0x0000000100000000)
  eden space 62976K, 0% used [0x00000000eb980000,0x00000000eb980000,0x00000000ef700000)
  from space 7680K, 99% used [0x00000000ef700000,0x00000000efe7c010,0x00000000efe80000)
  to   space 9728K, 0% used [0x00000000f3e00000,0x00000000f3e00000,0x00000000f4780000)
 ParOldGen       total 42496K, used 11985K [0x00000000c2c00000, 0x00000000c5580000, 0x00000000eb980000)
  object space 42496K, 28% used [0x00000000c2c00000,0x00000000c37b45f8,0x00000000c5580000)
 Metaspace       used 19778K, capacity 20422K, committed 20480K, reserved 1067008K
  class space    used 2388K, capacity 2554K, committed 2560K, reserved 1048576K
}
Event: 12.869 GC heap before
{Heap before GC invocations=8 (full 0):
 PSYoungGen      total 70656K, used 41386K [0x00000000eb980000, 0x00000000f4780000, 0x0000000100000000)
  eden space 62976K, 53% used [0x00000000eb980000,0x00000000eda6eae8,0x00000000ef700000)
  from space 7680K, 99% used [0x00000000ef700000,0x00000000efe7c010,0x00000000efe80000)
  to   space 9728K, 0% used [0x00000000f3e00000,0x00000000f3e00000,0x00000000f4780000)
 ParOldGen       total 42496K, used 11985K [0x00000000c2c00000, 0x00000000c5580000, 0x00000000eb980000)
  object space 42496K, 28% used [0x00000000c2c00000,0x00000000c37b45f8,0x00000000c5580000)
 Metaspace       used 20529K, capacity 21190K, committed 21296K, reserved 1069056K
  class space    used 2468K, capacity 2660K, committed 2688K, reserved 1048576K
Event: 12.884 GC heap after
Heap after GC invocations=8 (full 0):
 PSYoungGen      total 134656K, used 9140K [0x00000000eb980000, 0x00000000f4980000, 0x0000000100000000)
  eden space 124928K, 0% used [0x00000000eb980000,0x00000000eb980000,0x00000000f3380000)
  from space 9728K, 93% used [0x00000000f3e00000,0x00000000f46ed038,0x00000000f4780000)
  to   space 10752K, 0% used [0x00000000f3380000,0x00000000f3380000,0x00000000f3e00000)
 ParOldGen       total 42496K, used 12477K [0x00000000c2c00000, 0x00000000c5580000, 0x00000000eb980000)
  object space 42496K, 29% used [0x00000000c2c00000,0x00000000c382f590,0x00000000c5580000)
 Metaspace       used 20529K, capacity 21190K, committed 21296K, reserved 1069056K
  class space    used 2468K, capacity 2660K, committed 2688K, reserved 1048576K
}
Event: 12.884 GC heap before
{Heap before GC invocations=9 (full 1):
 PSYoungGen      total 134656K, used 9140K [0x00000000eb980000, 0x00000000f4980000, 0x0000000100000000)
  eden space 124928K, 0% used [0x00000000eb980000,0x00000000eb980000,0x00000000f3380000)
  from space 9728K, 93% used [0x00000000f3e00000,0x00000000f46ed038,0x00000000f4780000)
  to   space 10752K, 0% used [0x00000000f3380000,0x00000000f3380000,0x00000000f3e00000)
 ParOldGen       total 42496K, used 12477K [0x00000000c2c00000, 0x00000000c5580000, 0x00000000eb980000)
  object space 42496K, 29% used [0x00000000c2c00000,0x00000000c382f590,0x00000000c5580000)
 Metaspace       used 20529K, capacity 21190K, committed 21296K, reserved 1069056K
  class space    used 2468K, capacity 2660K, committed 2688K, reserved 1048576K
Event: 12.974 GC heap after
Heap after GC invocations=9 (full 1):
 PSYoungGen      total 134656K, used 0K [0x00000000eb980000, 0x00000000f4980000, 0x0000000100000000)
  eden space 124928K, 0% used [0x00000000eb980000,0x00000000eb980000,0x00000000f3380000)
  from space 9728K, 0% used [0x00000000f3e00000,0x00000000f3e00000,0x00000000f4780000)
  to   space 10752K, 0% used [0x00000000f3380000,0x00000000f3380000,0x00000000f3e00000)
 ParOldGen       total 39936K, used 12802K [0x00000000c2c00000, 0x00000000c5300000, 0x00000000eb980000)
  object space 39936K, 32% used [0x00000000c2c00000,0x00000000c3880ba0,0x00000000c5300000)
 Metaspace       used 20529K, capacity 21190K, committed 21296K, reserved 1069056K
  class space    used 2468K, capacity 2660K, committed 2688K, reserved 1048576K
}

